[2020-08-09 13:32:33.194] [jointLog] [info] setting maxHashResizeThreads to 24
[2020-08-09 13:32:33.195] [jointLog] [info] Fragment incompatibility prior below threshold.  Incompatible fragments will be ignored.
[2020-08-09 13:32:33.195] [jointLog] [info] Usage of --validateMappings implies use of minScoreFraction. Since not explicitly specified, it is being set to 0.65
[2020-08-09 13:32:33.195] [jointLog] [info] Usage of --validateMappings implies a default consensus slack of 0.2. Setting consensusSlack to 0.35.
[2020-08-09 13:32:33.195] [jointLog] [info] parsing read library format
[2020-08-09 13:32:33.195] [jointLog] [info] There is 1 library.
[2020-08-09 13:32:33.383] [jointLog] [info] Loading pufferfish index
[2020-08-09 13:32:33.392] [jointLog] [info] Loading dense pufferfish index.
[2020-08-09 13:32:34.458] [jointLog] [info] done
[2020-08-09 13:32:34.458] [jointLog] [info] Index contained 178,517 targets
[2020-08-09 13:32:37.404] [jointLog] [info] Number of decoys : 0
[2020-08-09 13:32:37.878] [jointLog] [info] Automatically detected most likely library type as ISR
[2020-08-09 13:34:10.983] [jointLog] [info] Thread saw mini-batch with a maximum of 0.84% zero probability fragments
[2020-08-09 13:34:10.983] [jointLog] [info] Thread saw mini-batch with a maximum of 0.88% zero probability fragments
[2020-08-09 13:34:10.983] [jointLog] [info] Thread saw mini-batch with a maximum of 0.86% zero probability fragments
[2020-08-09 13:34:10.983] [jointLog] [info] Thread saw mini-batch with a maximum of 0.82% zero probability fragments
[2020-08-09 13:34:10.983] [jointLog] [info] Thread saw mini-batch with a maximum of 0.86% zero probability fragments
[2020-08-09 13:34:10.983] [jointLog] [info] Thread saw mini-batch with a maximum of 0.88% zero probability fragments
[2020-08-09 13:34:10.983] [jointLog] [info] Thread saw mini-batch with a maximum of 0.80% zero probability fragments
[2020-08-09 13:34:10.983] [jointLog] [info] Thread saw mini-batch with a maximum of 0.88% zero probability fragments
[2020-08-09 13:34:10.983] [jointLog] [info] Thread saw mini-batch with a maximum of 0.82% zero probability fragments
[2020-08-09 13:34:10.983] [jointLog] [info] Thread saw mini-batch with a maximum of 0.82% zero probability fragments
[2020-08-09 13:34:10.983] [jointLog] [info] Thread saw mini-batch with a maximum of 0.88% zero probability fragments
[2020-08-09 13:34:11.013] [jointLog] [info] Thread saw mini-batch with a maximum of 0.88% zero probability fragments
[2020-08-09 13:34:11.029] [jointLog] [info] Thread saw mini-batch with a maximum of 0.92% zero probability fragments
[2020-08-09 13:34:11.036] [jointLog] [info] Thread saw mini-batch with a maximum of 0.78% zero probability fragments
[2020-08-09 13:34:11.042] [jointLog] [info] Thread saw mini-batch with a maximum of 0.86% zero probability fragments
[2020-08-09 13:34:11.056] [jointLog] [info] Thread saw mini-batch with a maximum of 0.92% zero probability fragments
[2020-08-09 13:34:11.068] [jointLog] [info] Thread saw mini-batch with a maximum of 0.84% zero probability fragments
[2020-08-09 13:34:11.084] [jointLog] [info] Thread saw mini-batch with a maximum of 0.82% zero probability fragments
[2020-08-09 13:34:11.104] [jointLog] [info] Thread saw mini-batch with a maximum of 0.84% zero probability fragments
[2020-08-09 13:34:11.121] [jointLog] [info] Thread saw mini-batch with a maximum of 0.82% zero probability fragments
[2020-08-09 13:34:11.131] [jointLog] [info] Thread saw mini-batch with a maximum of 0.88% zero probability fragments
[2020-08-09 13:34:11.136] [jointLog] [info] Thread saw mini-batch with a maximum of 0.80% zero probability fragments
[2020-08-09 13:34:11.161] [jointLog] [info] Thread saw mini-batch with a maximum of 0.84% zero probability fragments
[2020-08-09 13:34:11.188] [jointLog] [info] Thread saw mini-batch with a maximum of 0.84% zero probability fragments
[2020-08-09 13:34:11.775] [jointLog] [info] Computed 817,564 rich equivalence classes for further processing
[2020-08-09 13:34:11.775] [jointLog] [info] Counted 34,411,058 total reads in the equivalence classes 
[2020-08-09 13:34:11.795] [jointLog] [info] Number of mappings discarded because of alignment score : 21,189,690
[2020-08-09 13:34:11.795] [jointLog] [info] Number of fragments entirely discarded because of alignment score : 1,085,557
[2020-08-09 13:34:11.795] [jointLog] [info] Number of fragments discarded because they are best-mapped to decoys : 0
[2020-08-09 13:34:11.795] [jointLog] [info] Number of fragments discarded because they have only dovetail (discordant) mappings to valid targets : 2,584,180
[2020-08-09 13:34:11.795] [jointLog] [info] Mapping rate = 90.8165%

[2020-08-09 13:34:11.795] [jointLog] [info] finished quantifyLibrary()
[2020-08-09 13:34:11.900] [jointLog] [info] Starting optimizer
[2020-08-09 13:34:11.776] [fileLog] [info] 
At end of round 0
==================
Observed 37890764 total fragments (37890764 in most recent round)

[2020-08-09 13:34:12.162] [jointLog] [info] Marked 0 weighted equivalence classes as degenerate
[2020-08-09 13:34:12.192] [jointLog] [info] iteration = 0 | max rel diff. = 5999.81
[2020-08-09 13:34:12.449] [jointLog] [info] iteration 11, adjusting effective lengths to account for biases
[2020-08-09 13:34:22.812] [jointLog] [info] Computed expected counts (for bias correction)
[2020-08-09 13:34:22.812] [jointLog] [info] processed bias for 0.0% of the transcripts
[2020-08-09 13:34:23.371] [jointLog] [info] processed bias for 10.0% of the transcripts
[2020-08-09 13:34:24.254] [jointLog] [info] processed bias for 20.0% of the transcripts
[2020-08-09 13:34:25.123] [jointLog] [info] processed bias for 30.0% of the transcripts
[2020-08-09 13:34:26.228] [jointLog] [info] processed bias for 40.0% of the transcripts
[2020-08-09 13:34:27.293] [jointLog] [info] processed bias for 50.0% of the transcripts
[2020-08-09 13:34:28.326] [jointLog] [info] processed bias for 60.0% of the transcripts
[2020-08-09 13:34:29.425] [jointLog] [info] processed bias for 70.0% of the transcripts
[2020-08-09 13:34:30.543] [jointLog] [info] processed bias for 80.0% of the transcripts
[2020-08-09 13:34:31.674] [jointLog] [info] processed bias for 90.0% of the transcripts
[2020-08-09 13:34:32.806] [jointLog] [info] processed bias for 100.0% of the transcripts
[2020-08-09 13:34:32.810] [jointLog] [info] processed bias for 100.0% of the transcripts
[2020-08-09 13:34:34.630] [jointLog] [info] iteration = 100 | max rel diff. = 14.8413
[2020-08-09 13:34:36.609] [jointLog] [info] iteration = 200 | max rel diff. = 6.45128
[2020-08-09 13:34:38.570] [jointLog] [info] iteration = 300 | max rel diff. = 0.731995
[2020-08-09 13:34:40.548] [jointLog] [info] iteration = 400 | max rel diff. = 2.56078
[2020-08-09 13:34:42.554] [jointLog] [info] iteration = 500 | max rel diff. = 2.09987
[2020-08-09 13:34:44.518] [jointLog] [info] iteration = 600 | max rel diff. = 0.105866
[2020-08-09 13:34:46.487] [jointLog] [info] iteration = 700 | max rel diff. = 0.134314
[2020-08-09 13:34:48.416] [jointLog] [info] iteration = 800 | max rel diff. = 10.5802
[2020-08-09 13:34:50.340] [jointLog] [info] iteration = 900 | max rel diff. = 0.160052
[2020-08-09 13:34:52.265] [jointLog] [info] iteration = 1,000 | max rel diff. = 0.568215
[2020-08-09 13:34:54.185] [jointLog] [info] iteration = 1,100 | max rel diff. = 0.118393
[2020-08-09 13:34:56.092] [jointLog] [info] iteration = 1,200 | max rel diff. = 0.185386
[2020-08-09 13:34:58.004] [jointLog] [info] iteration = 1,300 | max rel diff. = 0.0249279
[2020-08-09 13:34:59.936] [jointLog] [info] iteration = 1,400 | max rel diff. = 0.125976
[2020-08-09 13:35:01.860] [jointLog] [info] iteration = 1,500 | max rel diff. = 0.0590973
[2020-08-09 13:35:03.098] [jointLog] [info] iteration = 1,565 | max rel diff. = 0.0079575
[2020-08-09 13:35:03.131] [jointLog] [info] Finished optimizer
[2020-08-09 13:35:03.131] [jointLog] [info] writing output 

