[2020-08-09 12:53:58.315] [jointLog] [info] setting maxHashResizeThreads to 24
[2020-08-09 12:53:58.315] [jointLog] [info] Fragment incompatibility prior below threshold.  Incompatible fragments will be ignored.
[2020-08-09 12:53:58.315] [jointLog] [info] Usage of --validateMappings implies use of minScoreFraction. Since not explicitly specified, it is being set to 0.65
[2020-08-09 12:53:58.315] [jointLog] [info] Usage of --validateMappings implies a default consensus slack of 0.2. Setting consensusSlack to 0.35.
[2020-08-09 12:53:58.315] [jointLog] [info] parsing read library format
[2020-08-09 12:53:58.315] [jointLog] [info] There is 1 library.
[2020-08-09 12:53:58.575] [jointLog] [info] Loading pufferfish index
[2020-08-09 12:53:58.580] [jointLog] [info] Loading dense pufferfish index.
[2020-08-09 12:53:59.434] [jointLog] [info] done
[2020-08-09 12:53:59.434] [jointLog] [info] Index contained 178,517 targets
[2020-08-09 12:54:02.341] [jointLog] [info] Number of decoys : 0
[2020-08-09 12:54:03.058] [jointLog] [info] Automatically detected most likely library type as ISR
[2020-08-09 12:55:45.424] [jointLog] [info] Thread saw mini-batch with a maximum of 0.88% zero probability fragments
[2020-08-09 12:55:45.424] [jointLog] [info] Thread saw mini-batch with a maximum of 0.96% zero probability fragments
[2020-08-09 12:55:45.424] [jointLog] [info] Thread saw mini-batch with a maximum of 0.96% zero probability fragments
[2020-08-09 12:55:45.424] [jointLog] [info] Thread saw mini-batch with a maximum of 0.92% zero probability fragments
[2020-08-09 12:55:45.424] [jointLog] [info] Thread saw mini-batch with a maximum of 0.92% zero probability fragments
[2020-08-09 12:55:45.424] [jointLog] [info] Thread saw mini-batch with a maximum of 1.08% zero probability fragments
[2020-08-09 12:55:45.424] [jointLog] [info] Thread saw mini-batch with a maximum of 0.90% zero probability fragments
[2020-08-09 12:55:45.424] [jointLog] [info] Thread saw mini-batch with a maximum of 0.96% zero probability fragments
[2020-08-09 12:55:45.424] [jointLog] [info] Thread saw mini-batch with a maximum of 0.90% zero probability fragments
[2020-08-09 12:55:45.424] [jointLog] [info] Thread saw mini-batch with a maximum of 0.96% zero probability fragments
[2020-08-09 12:55:45.425] [jointLog] [info] Thread saw mini-batch with a maximum of 0.94% zero probability fragments
[2020-08-09 12:55:45.457] [jointLog] [info] Thread saw mini-batch with a maximum of 0.86% zero probability fragments
[2020-08-09 12:55:45.477] [jointLog] [info] Thread saw mini-batch with a maximum of 0.88% zero probability fragments
[2020-08-09 12:55:45.483] [jointLog] [info] Thread saw mini-batch with a maximum of 0.96% zero probability fragments
[2020-08-09 12:55:45.503] [jointLog] [info] Thread saw mini-batch with a maximum of 0.98% zero probability fragments
[2020-08-09 12:55:45.506] [jointLog] [info] Thread saw mini-batch with a maximum of 0.94% zero probability fragments
[2020-08-09 12:55:45.516] [jointLog] [info] Thread saw mini-batch with a maximum of 0.92% zero probability fragments
[2020-08-09 12:55:45.532] [jointLog] [info] Thread saw mini-batch with a maximum of 0.94% zero probability fragments
[2020-08-09 12:55:45.549] [jointLog] [info] Thread saw mini-batch with a maximum of 0.92% zero probability fragments
[2020-08-09 12:55:45.550] [jointLog] [info] Thread saw mini-batch with a maximum of 0.90% zero probability fragments
[2020-08-09 12:55:45.554] [jointLog] [info] Thread saw mini-batch with a maximum of 0.92% zero probability fragments
[2020-08-09 12:55:45.578] [jointLog] [info] Thread saw mini-batch with a maximum of 0.84% zero probability fragments
[2020-08-09 12:55:45.590] [jointLog] [info] Thread saw mini-batch with a maximum of 0.90% zero probability fragments
[2020-08-09 12:55:45.618] [jointLog] [info] Thread saw mini-batch with a maximum of 0.90% zero probability fragments
[2020-08-09 12:55:46.219] [fileLog] [info] 
At end of round 0
==================
Observed 41203036 total fragments (41203036 in most recent round)

[2020-08-09 12:55:46.219] [jointLog] [info] Computed 850,795 rich equivalence classes for further processing
[2020-08-09 12:55:46.219] [jointLog] [info] Counted 37,918,864 total reads in the equivalence classes 
[2020-08-09 12:55:46.280] [jointLog] [info] Number of mappings discarded because of alignment score : 23,426,371
[2020-08-09 12:55:46.280] [jointLog] [info] Number of fragments entirely discarded because of alignment score : 1,213,122
[2020-08-09 12:55:46.280] [jointLog] [info] Number of fragments discarded because they are best-mapped to decoys : 0
[2020-08-09 12:55:46.280] [jointLog] [info] Number of fragments discarded because they have only dovetail (discordant) mappings to valid targets : 2,998,224
[2020-08-09 12:55:46.280] [jointLog] [info] Mapping rate = 92.0293%

[2020-08-09 12:55:46.280] [jointLog] [info] finished quantifyLibrary()
[2020-08-09 12:55:46.395] [jointLog] [info] Starting optimizer
[2020-08-09 12:55:46.641] [jointLog] [info] Marked 0 weighted equivalence classes as degenerate
[2020-08-09 12:55:46.669] [jointLog] [info] iteration = 0 | max rel diff. = 5117.96
[2020-08-09 12:55:46.921] [jointLog] [info] iteration 11, adjusting effective lengths to account for biases
[2020-08-09 12:55:56.789] [jointLog] [info] Computed expected counts (for bias correction)
[2020-08-09 12:55:56.789] [jointLog] [info] processed bias for 0.0% of the transcripts
[2020-08-09 12:55:57.783] [jointLog] [info] processed bias for 10.0% of the transcripts
[2020-08-09 12:55:58.812] [jointLog] [info] processed bias for 20.0% of the transcripts
[2020-08-09 12:55:59.868] [jointLog] [info] processed bias for 30.0% of the transcripts
[2020-08-09 12:56:00.931] [jointLog] [info] processed bias for 40.0% of the transcripts
[2020-08-09 12:56:01.589] [jointLog] [info] processed bias for 50.0% of the transcripts
[2020-08-09 12:56:02.453] [jointLog] [info] processed bias for 60.0% of the transcripts
[2020-08-09 12:56:03.276] [jointLog] [info] processed bias for 70.0% of the transcripts
[2020-08-09 12:56:04.256] [jointLog] [info] processed bias for 80.0% of the transcripts
[2020-08-09 12:56:05.317] [jointLog] [info] processed bias for 90.0% of the transcripts
[2020-08-09 12:56:06.459] [jointLog] [info] processed bias for 100.0% of the transcripts
[2020-08-09 12:56:06.460] [jointLog] [info] processed bias for 100.0% of the transcripts
[2020-08-09 12:56:08.339] [jointLog] [info] iteration = 100 | max rel diff. = 17.0848
[2020-08-09 12:56:10.388] [jointLog] [info] iteration = 200 | max rel diff. = 20.0323
[2020-08-09 12:56:12.424] [jointLog] [info] iteration = 300 | max rel diff. = 3.27316
[2020-08-09 12:56:14.569] [jointLog] [info] iteration = 400 | max rel diff. = 8.76645
[2020-08-09 12:56:16.648] [jointLog] [info] iteration = 500 | max rel diff. = 0.665516
[2020-08-09 12:56:18.660] [jointLog] [info] iteration = 600 | max rel diff. = 0.536462
[2020-08-09 12:56:20.657] [jointLog] [info] iteration = 700 | max rel diff. = 0.24722
[2020-08-09 12:56:22.662] [jointLog] [info] iteration = 800 | max rel diff. = 8.88889
[2020-08-09 12:56:24.664] [jointLog] [info] iteration = 900 | max rel diff. = 0.16923
[2020-08-09 12:56:26.669] [jointLog] [info] iteration = 1,000 | max rel diff. = 0.171307
[2020-08-09 12:56:28.666] [jointLog] [info] iteration = 1,100 | max rel diff. = 0.227293
[2020-08-09 12:56:30.682] [jointLog] [info] iteration = 1,200 | max rel diff. = 0.156452
[2020-08-09 12:56:32.691] [jointLog] [info] iteration = 1,300 | max rel diff. = 0.18887
[2020-08-09 12:56:34.689] [jointLog] [info] iteration = 1,400 | max rel diff. = 0.227907
[2020-08-09 12:56:36.683] [jointLog] [info] iteration = 1,500 | max rel diff. = 0.0304241
[2020-08-09 12:56:38.689] [jointLog] [info] iteration = 1,600 | max rel diff. = 0.0418564
[2020-08-09 12:56:39.250] [jointLog] [info] iteration = 1,628 | max rel diff. = 0.00964235
[2020-08-09 12:56:39.284] [jointLog] [info] Finished optimizer
[2020-08-09 12:56:39.284] [jointLog] [info] writing output 

