[2020-08-09 13:03:51.966] [jointLog] [info] setting maxHashResizeThreads to 24
[2020-08-09 13:03:51.966] [jointLog] [info] Fragment incompatibility prior below threshold.  Incompatible fragments will be ignored.
[2020-08-09 13:03:51.966] [jointLog] [info] Usage of --validateMappings implies use of minScoreFraction. Since not explicitly specified, it is being set to 0.65
[2020-08-09 13:03:51.966] [jointLog] [info] Usage of --validateMappings implies a default consensus slack of 0.2. Setting consensusSlack to 0.35.
[2020-08-09 13:03:51.966] [jointLog] [info] parsing read library format
[2020-08-09 13:03:51.966] [jointLog] [info] There is 1 library.
[2020-08-09 13:03:52.088] [jointLog] [info] Loading pufferfish index
[2020-08-09 13:03:52.094] [jointLog] [info] Loading dense pufferfish index.
[2020-08-09 13:03:53.113] [jointLog] [info] done
[2020-08-09 13:03:53.113] [jointLog] [info] Index contained 178,517 targets
[2020-08-09 13:03:56.122] [jointLog] [info] Number of decoys : 0
[2020-08-09 13:03:56.614] [jointLog] [info] Automatically detected most likely library type as ISR
[2020-08-09 13:05:28.888] [jointLog] [info] Thread saw mini-batch with a maximum of 0.86% zero probability fragments
[2020-08-09 13:05:28.889] [jointLog] [info] Thread saw mini-batch with a maximum of 0.86% zero probability fragments
[2020-08-09 13:05:28.889] [jointLog] [info] Thread saw mini-batch with a maximum of 0.78% zero probability fragments
[2020-08-09 13:05:28.889] [jointLog] [info] Thread saw mini-batch with a maximum of 0.84% zero probability fragments
[2020-08-09 13:05:28.889] [jointLog] [info] Thread saw mini-batch with a maximum of 0.78% zero probability fragments
[2020-08-09 13:05:28.889] [jointLog] [info] Thread saw mini-batch with a maximum of 0.78% zero probability fragments
[2020-08-09 13:05:28.889] [jointLog] [info] Thread saw mini-batch with a maximum of 0.76% zero probability fragments
[2020-08-09 13:05:28.889] [jointLog] [info] Thread saw mini-batch with a maximum of 0.76% zero probability fragments
[2020-08-09 13:05:28.890] [jointLog] [info] Thread saw mini-batch with a maximum of 0.86% zero probability fragments
[2020-08-09 13:05:28.918] [jointLog] [info] Thread saw mini-batch with a maximum of 0.82% zero probability fragments
[2020-08-09 13:05:28.932] [jointLog] [info] Thread saw mini-batch with a maximum of 0.86% zero probability fragments
[2020-08-09 13:05:28.959] [jointLog] [info] Thread saw mini-batch with a maximum of 0.98% zero probability fragments
[2020-08-09 13:05:28.959] [jointLog] [info] Thread saw mini-batch with a maximum of 0.82% zero probability fragments
[2020-08-09 13:05:28.959] [jointLog] [info] Thread saw mini-batch with a maximum of 0.74% zero probability fragments
[2020-08-09 13:05:28.969] [jointLog] [info] Thread saw mini-batch with a maximum of 0.80% zero probability fragments
[2020-08-09 13:05:28.975] [jointLog] [info] Thread saw mini-batch with a maximum of 0.86% zero probability fragments
[2020-08-09 13:05:28.988] [jointLog] [info] Thread saw mini-batch with a maximum of 0.78% zero probability fragments
[2020-08-09 13:05:28.999] [jointLog] [info] Thread saw mini-batch with a maximum of 0.76% zero probability fragments
[2020-08-09 13:05:29.020] [jointLog] [info] Thread saw mini-batch with a maximum of 0.92% zero probability fragments
[2020-08-09 13:05:29.021] [jointLog] [info] Thread saw mini-batch with a maximum of 0.80% zero probability fragments
[2020-08-09 13:05:29.055] [jointLog] [info] Thread saw mini-batch with a maximum of 0.92% zero probability fragments
[2020-08-09 13:05:29.061] [jointLog] [info] Thread saw mini-batch with a maximum of 0.74% zero probability fragments
[2020-08-09 13:05:29.077] [jointLog] [info] Thread saw mini-batch with a maximum of 0.76% zero probability fragments
[2020-08-09 13:05:29.087] [jointLog] [info] Thread saw mini-batch with a maximum of 0.76% zero probability fragments
[2020-08-09 13:05:29.673] [jointLog] [info] Computed 968,281 rich equivalence classes for further processing
[2020-08-09 13:05:29.673] [jointLog] [info] Counted 33,528,824 total reads in the equivalence classes 
[2020-08-09 13:05:29.694] [jointLog] [info] Number of mappings discarded because of alignment score : 26,916,537
[2020-08-09 13:05:29.694] [jointLog] [info] Number of fragments entirely discarded because of alignment score : 1,359,894
[2020-08-09 13:05:29.694] [jointLog] [info] Number of fragments discarded because they are best-mapped to decoys : 0
[2020-08-09 13:05:29.694] [jointLog] [info] Number of fragments discarded because they have only dovetail (discordant) mappings to valid targets : 3,150,734
[2020-08-09 13:05:29.694] [jointLog] [info] Mapping rate = 91.3027%

[2020-08-09 13:05:29.694] [jointLog] [info] finished quantifyLibrary()
[2020-08-09 13:05:29.955] [jointLog] [info] Starting optimizer
[2020-08-09 13:05:29.673] [fileLog] [info] 
At end of round 0
==================
Observed 36722714 total fragments (36722714 in most recent round)

[2020-08-09 13:05:30.270] [jointLog] [info] Marked 0 weighted equivalence classes as degenerate
[2020-08-09 13:05:30.303] [jointLog] [info] iteration = 0 | max rel diff. = 6120.32
[2020-08-09 13:05:30.572] [jointLog] [info] iteration 11, adjusting effective lengths to account for biases
[2020-08-09 13:05:40.426] [jointLog] [info] Computed expected counts (for bias correction)
[2020-08-09 13:05:40.426] [jointLog] [info] processed bias for 0.0% of the transcripts
[2020-08-09 13:05:41.466] [jointLog] [info] processed bias for 10.0% of the transcripts
[2020-08-09 13:05:42.545] [jointLog] [info] processed bias for 20.0% of the transcripts
[2020-08-09 13:05:43.653] [jointLog] [info] processed bias for 30.0% of the transcripts
[2020-08-09 13:05:44.797] [jointLog] [info] processed bias for 40.0% of the transcripts
[2020-08-09 13:05:45.861] [jointLog] [info] processed bias for 50.0% of the transcripts
[2020-08-09 13:05:46.940] [jointLog] [info] processed bias for 60.0% of the transcripts
[2020-08-09 13:05:47.840] [jointLog] [info] processed bias for 70.0% of the transcripts
[2020-08-09 13:05:48.442] [jointLog] [info] processed bias for 80.0% of the transcripts
[2020-08-09 13:05:49.326] [jointLog] [info] processed bias for 90.0% of the transcripts
[2020-08-09 13:05:50.383] [jointLog] [info] processed bias for 100.0% of the transcripts
[2020-08-09 13:05:52.484] [jointLog] [info] iteration = 100 | max rel diff. = 16.5827
[2020-08-09 13:05:54.813] [jointLog] [info] iteration = 200 | max rel diff. = 5.1368
[2020-08-09 13:05:57.107] [jointLog] [info] iteration = 300 | max rel diff. = 3.12231
[2020-08-09 13:05:59.411] [jointLog] [info] iteration = 400 | max rel diff. = 6.79656
[2020-08-09 13:06:01.786] [jointLog] [info] iteration = 500 | max rel diff. = 9.92224
[2020-08-09 13:06:04.096] [jointLog] [info] iteration = 600 | max rel diff. = 1.96074
[2020-08-09 13:06:06.349] [jointLog] [info] iteration = 700 | max rel diff. = 0.105283
[2020-08-09 13:06:08.646] [jointLog] [info] iteration = 800 | max rel diff. = 7.34385
[2020-08-09 13:06:10.885] [jointLog] [info] iteration = 900 | max rel diff. = 0.103889
[2020-08-09 13:06:13.133] [jointLog] [info] iteration = 1,000 | max rel diff. = 0.407359
[2020-08-09 13:06:15.390] [jointLog] [info] iteration = 1,100 | max rel diff. = 0.064397
[2020-08-09 13:06:17.647] [jointLog] [info] iteration = 1,200 | max rel diff. = 0.0753433
[2020-08-09 13:06:19.895] [jointLog] [info] iteration = 1,300 | max rel diff. = 0.0687604
[2020-08-09 13:06:22.157] [jointLog] [info] iteration = 1,400 | max rel diff. = 0.428347
[2020-08-09 13:06:24.410] [jointLog] [info] iteration = 1,500 | max rel diff. = 0.212708
[2020-08-09 13:06:26.667] [jointLog] [info] iteration = 1,600 | max rel diff. = 0.041723
[2020-08-09 13:06:28.920] [jointLog] [info] iteration = 1,700 | max rel diff. = 0.0204466
[2020-08-09 13:06:31.162] [jointLog] [info] iteration = 1,800 | max rel diff. = 0.0898922
[2020-08-09 13:06:33.402] [jointLog] [info] iteration = 1,900 | max rel diff. = 0.0257823
[2020-08-09 13:06:35.642] [jointLog] [info] iteration = 2,000 | max rel diff. = 0.261389
[2020-08-09 13:06:37.893] [jointLog] [info] iteration = 2,100 | max rel diff. = 0.78185
[2020-08-09 13:06:40.143] [jointLog] [info] iteration = 2,200 | max rel diff. = 0.0317604
[2020-08-09 13:06:42.398] [jointLog] [info] iteration = 2,300 | max rel diff. = 0.0123155
[2020-08-09 13:06:44.294] [jointLog] [info] iteration = 2,385 | max rel diff. = 0.00162755
[2020-08-09 13:06:44.326] [jointLog] [info] Finished optimizer
[2020-08-09 13:06:44.326] [jointLog] [info] writing output 

