[2020-08-09 13:27:14.492] [jointLog] [info] setting maxHashResizeThreads to 24
[2020-08-09 13:27:14.492] [jointLog] [info] Fragment incompatibility prior below threshold.  Incompatible fragments will be ignored.
[2020-08-09 13:27:14.492] [jointLog] [info] Usage of --validateMappings implies use of minScoreFraction. Since not explicitly specified, it is being set to 0.65
[2020-08-09 13:27:14.492] [jointLog] [info] Usage of --validateMappings implies a default consensus slack of 0.2. Setting consensusSlack to 0.35.
[2020-08-09 13:27:14.492] [jointLog] [info] parsing read library format
[2020-08-09 13:27:14.492] [jointLog] [info] There is 1 library.
[2020-08-09 13:27:14.703] [jointLog] [info] Loading pufferfish index
[2020-08-09 13:27:14.708] [jointLog] [info] Loading dense pufferfish index.
[2020-08-09 13:27:15.660] [jointLog] [info] done
[2020-08-09 13:27:15.660] [jointLog] [info] Index contained 178,517 targets
[2020-08-09 13:27:18.549] [jointLog] [info] Number of decoys : 0
[2020-08-09 13:27:19.147] [jointLog] [info] Automatically detected most likely library type as ISR
[2020-08-09 13:28:50.140] [jointLog] [info] Thread saw mini-batch with a maximum of 0.92% zero probability fragments
[2020-08-09 13:28:50.140] [jointLog] [info] Thread saw mini-batch with a maximum of 1.02% zero probability fragments
[2020-08-09 13:28:50.140] [jointLog] [info] Thread saw mini-batch with a maximum of 1.04% zero probability fragments
[2020-08-09 13:28:50.141] [jointLog] [info] Thread saw mini-batch with a maximum of 0.94% zero probability fragments
[2020-08-09 13:28:50.141] [jointLog] [info] Thread saw mini-batch with a maximum of 0.96% zero probability fragments
[2020-08-09 13:28:50.141] [jointLog] [info] Thread saw mini-batch with a maximum of 0.98% zero probability fragments
[2020-08-09 13:28:50.141] [jointLog] [info] Thread saw mini-batch with a maximum of 1.00% zero probability fragments
[2020-08-09 13:28:50.141] [jointLog] [info] Thread saw mini-batch with a maximum of 1.02% zero probability fragments
[2020-08-09 13:28:50.141] [jointLog] [info] Thread saw mini-batch with a maximum of 1.10% zero probability fragments
[2020-08-09 13:28:50.142] [jointLog] [info] Thread saw mini-batch with a maximum of 1.00% zero probability fragments
[2020-08-09 13:28:50.149] [jointLog] [info] Thread saw mini-batch with a maximum of 0.96% zero probability fragments
[2020-08-09 13:28:50.172] [jointLog] [info] Thread saw mini-batch with a maximum of 0.94% zero probability fragments
[2020-08-09 13:28:50.197] [jointLog] [info] Thread saw mini-batch with a maximum of 0.98% zero probability fragments
[2020-08-09 13:28:50.210] [jointLog] [info] Thread saw mini-batch with a maximum of 1.02% zero probability fragments
[2020-08-09 13:28:50.218] [jointLog] [info] Thread saw mini-batch with a maximum of 0.88% zero probability fragments
[2020-08-09 13:28:50.224] [jointLog] [info] Thread saw mini-batch with a maximum of 0.90% zero probability fragments
[2020-08-09 13:28:50.244] [jointLog] [info] Thread saw mini-batch with a maximum of 1.08% zero probability fragments
[2020-08-09 13:28:50.251] [jointLog] [info] Thread saw mini-batch with a maximum of 0.94% zero probability fragments
[2020-08-09 13:28:50.280] [jointLog] [info] Thread saw mini-batch with a maximum of 1.00% zero probability fragments
[2020-08-09 13:28:50.283] [jointLog] [info] Thread saw mini-batch with a maximum of 0.98% zero probability fragments
[2020-08-09 13:28:50.292] [jointLog] [info] Thread saw mini-batch with a maximum of 1.04% zero probability fragments
[2020-08-09 13:28:50.293] [jointLog] [info] Thread saw mini-batch with a maximum of 0.96% zero probability fragments
[2020-08-09 13:28:50.299] [jointLog] [info] Thread saw mini-batch with a maximum of 1.08% zero probability fragments
[2020-08-09 13:28:50.345] [jointLog] [info] Thread saw mini-batch with a maximum of 0.94% zero probability fragments
[2020-08-09 13:28:50.971] [fileLog] [info] 
At end of round 0
==================
Observed 36793435 total fragments (36793435 in most recent round)

[2020-08-09 13:28:50.971] [jointLog] [info] Computed 866,794 rich equivalence classes for further processing
[2020-08-09 13:28:50.971] [jointLog] [info] Counted 33,566,671 total reads in the equivalence classes 
[2020-08-09 13:28:50.992] [jointLog] [info] Number of mappings discarded because of alignment score : 21,462,049
[2020-08-09 13:28:50.992] [jointLog] [info] Number of fragments entirely discarded because of alignment score : 1,166,606
[2020-08-09 13:28:50.992] [jointLog] [info] Number of fragments discarded because they are best-mapped to decoys : 0
[2020-08-09 13:28:50.992] [jointLog] [info] Number of fragments discarded because they have only dovetail (discordant) mappings to valid targets : 2,761,355
[2020-08-09 13:28:50.992] [jointLog] [info] Mapping rate = 91.2301%

[2020-08-09 13:28:50.992] [jointLog] [info] finished quantifyLibrary()
[2020-08-09 13:28:51.033] [jointLog] [info] Starting optimizer
[2020-08-09 13:28:51.315] [jointLog] [info] Marked 0 weighted equivalence classes as degenerate
[2020-08-09 13:28:51.348] [jointLog] [info] iteration = 0 | max rel diff. = 6124.09
[2020-08-09 13:28:51.597] [jointLog] [info] iteration 11, adjusting effective lengths to account for biases
[2020-08-09 13:29:01.677] [jointLog] [info] Computed expected counts (for bias correction)
[2020-08-09 13:29:01.677] [jointLog] [info] processed bias for 0.0% of the transcripts
[2020-08-09 13:29:02.161] [jointLog] [info] processed bias for 10.0% of the transcripts
[2020-08-09 13:29:02.982] [jointLog] [info] processed bias for 20.0% of the transcripts
[2020-08-09 13:29:03.826] [jointLog] [info] processed bias for 30.0% of the transcripts
[2020-08-09 13:29:04.951] [jointLog] [info] processed bias for 40.0% of the transcripts
[2020-08-09 13:29:06.081] [jointLog] [info] processed bias for 50.0% of the transcripts
[2020-08-09 13:29:07.209] [jointLog] [info] processed bias for 60.0% of the transcripts
[2020-08-09 13:29:08.277] [jointLog] [info] processed bias for 70.0% of the transcripts
[2020-08-09 13:29:09.337] [jointLog] [info] processed bias for 80.0% of the transcripts
[2020-08-09 13:29:10.395] [jointLog] [info] processed bias for 90.0% of the transcripts
[2020-08-09 13:29:11.436] [jointLog] [info] processed bias for 100.0% of the transcripts
[2020-08-09 13:29:11.448] [jointLog] [info] processed bias for 100.0% of the transcripts
[2020-08-09 13:29:13.381] [jointLog] [info] iteration = 100 | max rel diff. = 13.82
[2020-08-09 13:29:15.470] [jointLog] [info] iteration = 200 | max rel diff. = 5.30785
[2020-08-09 13:29:17.554] [jointLog] [info] iteration = 300 | max rel diff. = 7.62187
[2020-08-09 13:29:19.656] [jointLog] [info] iteration = 400 | max rel diff. = 7.23706
[2020-08-09 13:29:21.722] [jointLog] [info] iteration = 500 | max rel diff. = 7.24293
[2020-08-09 13:29:23.796] [jointLog] [info] iteration = 600 | max rel diff. = 0.518955
[2020-08-09 13:29:25.852] [jointLog] [info] iteration = 700 | max rel diff. = 0.327586
[2020-08-09 13:29:27.931] [jointLog] [info] iteration = 800 | max rel diff. = 0.473359
[2020-08-09 13:29:29.934] [jointLog] [info] iteration = 900 | max rel diff. = 0.328118
[2020-08-09 13:29:31.927] [jointLog] [info] iteration = 1,000 | max rel diff. = 0.216087
[2020-08-09 13:29:33.945] [jointLog] [info] iteration = 1,100 | max rel diff. = 0.229442
[2020-08-09 13:29:36.015] [jointLog] [info] iteration = 1,200 | max rel diff. = 0.212339
[2020-08-09 13:29:38.018] [jointLog] [info] iteration = 1,300 | max rel diff. = 0.112172
[2020-08-09 13:29:40.016] [jointLog] [info] iteration = 1,400 | max rel diff. = 0.0803055
[2020-08-09 13:29:42.024] [jointLog] [info] iteration = 1,500 | max rel diff. = 0.0747611
[2020-08-09 13:29:44.051] [jointLog] [info] iteration = 1,600 | max rel diff. = 0.901293
[2020-08-09 13:29:46.075] [jointLog] [info] iteration = 1,700 | max rel diff. = 0.0582747
[2020-08-09 13:29:48.096] [jointLog] [info] iteration = 1,800 | max rel diff. = 0.07736
[2020-08-09 13:29:49.342] [jointLog] [info] iteration = 1,861 | max rel diff. = 0.00436616
[2020-08-09 13:29:49.375] [jointLog] [info] Finished optimizer
[2020-08-09 13:29:49.375] [jointLog] [info] writing output 

