[2020-08-09 12:48:21.421] [jointLog] [info] setting maxHashResizeThreads to 24
[2020-08-09 12:48:21.421] [jointLog] [info] Fragment incompatibility prior below threshold.  Incompatible fragments will be ignored.
[2020-08-09 12:48:21.421] [jointLog] [info] Usage of --validateMappings implies use of minScoreFraction. Since not explicitly specified, it is being set to 0.65
[2020-08-09 12:48:21.421] [jointLog] [info] Usage of --validateMappings implies a default consensus slack of 0.2. Setting consensusSlack to 0.35.
[2020-08-09 12:48:21.421] [jointLog] [info] parsing read library format
[2020-08-09 12:48:21.422] [jointLog] [info] There is 1 library.
[2020-08-09 12:48:21.684] [jointLog] [info] Loading pufferfish index
[2020-08-09 12:48:21.689] [jointLog] [info] Loading dense pufferfish index.
[2020-08-09 12:48:25.290] [jointLog] [info] done
[2020-08-09 12:48:25.290] [jointLog] [info] Index contained 178,517 targets
[2020-08-09 12:48:28.270] [jointLog] [info] Number of decoys : 0
[2020-08-09 12:48:29.065] [jointLog] [info] Automatically detected most likely library type as ISR
[2020-08-09 12:50:02.539] [jointLog] [info] Thread saw mini-batch with a maximum of 0.90% zero probability fragments
[2020-08-09 12:50:02.539] [jointLog] [info] Thread saw mini-batch with a maximum of 0.84% zero probability fragments
[2020-08-09 12:50:02.539] [jointLog] [info] Thread saw mini-batch with a maximum of 0.86% zero probability fragments
[2020-08-09 12:50:02.539] [jointLog] [info] Thread saw mini-batch with a maximum of 0.88% zero probability fragments
[2020-08-09 12:50:02.539] [jointLog] [info] Thread saw mini-batch with a maximum of 0.80% zero probability fragments
[2020-08-09 12:50:02.539] [jointLog] [info] Thread saw mini-batch with a maximum of 0.94% zero probability fragments
[2020-08-09 12:50:02.539] [jointLog] [info] Thread saw mini-batch with a maximum of 0.84% zero probability fragments
[2020-08-09 12:50:02.539] [jointLog] [info] Thread saw mini-batch with a maximum of 0.80% zero probability fragments
[2020-08-09 12:50:02.544] [jointLog] [info] Thread saw mini-batch with a maximum of 0.92% zero probability fragments
[2020-08-09 12:50:02.553] [jointLog] [info] Thread saw mini-batch with a maximum of 0.84% zero probability fragments
[2020-08-09 12:50:02.558] [jointLog] [info] Thread saw mini-batch with a maximum of 0.84% zero probability fragments
[2020-08-09 12:50:02.566] [jointLog] [info] Thread saw mini-batch with a maximum of 0.78% zero probability fragments
[2020-08-09 12:50:02.578] [jointLog] [info] Thread saw mini-batch with a maximum of 0.88% zero probability fragments
[2020-08-09 12:50:02.582] [jointLog] [info] Thread saw mini-batch with a maximum of 0.90% zero probability fragments
[2020-08-09 12:50:02.599] [jointLog] [info] Thread saw mini-batch with a maximum of 0.90% zero probability fragments
[2020-08-09 12:50:02.626] [jointLog] [info] Thread saw mini-batch with a maximum of 0.80% zero probability fragments
[2020-08-09 12:50:02.638] [jointLog] [info] Thread saw mini-batch with a maximum of 0.94% zero probability fragments
[2020-08-09 12:50:02.644] [jointLog] [info] Thread saw mini-batch with a maximum of 0.82% zero probability fragments
[2020-08-09 12:50:02.652] [jointLog] [info] Thread saw mini-batch with a maximum of 0.90% zero probability fragments
[2020-08-09 12:50:02.683] [jointLog] [info] Thread saw mini-batch with a maximum of 0.84% zero probability fragments
[2020-08-09 12:50:02.684] [jointLog] [info] Thread saw mini-batch with a maximum of 0.90% zero probability fragments
[2020-08-09 12:50:02.700] [jointLog] [info] Thread saw mini-batch with a maximum of 0.86% zero probability fragments
[2020-08-09 12:50:02.701] [jointLog] [info] Thread saw mini-batch with a maximum of 0.98% zero probability fragments
[2020-08-09 12:50:02.730] [jointLog] [info] Thread saw mini-batch with a maximum of 0.80% zero probability fragments
[2020-08-09 12:50:03.166] [fileLog] [info] 
At end of round 0
==================
Observed 37604514 total fragments (37604514 in most recent round)

[2020-08-09 12:50:03.166] [jointLog] [info] Computed 565,962 rich equivalence classes for further processing
[2020-08-09 12:50:03.166] [jointLog] [info] Counted 34,686,046 total reads in the equivalence classes 
[2020-08-09 12:50:03.186] [jointLog] [info] Number of mappings discarded because of alignment score : 22,015,698
[2020-08-09 12:50:03.186] [jointLog] [info] Number of fragments entirely discarded because of alignment score : 1,150,627
[2020-08-09 12:50:03.186] [jointLog] [info] Number of fragments discarded because they are best-mapped to decoys : 0
[2020-08-09 12:50:03.186] [jointLog] [info] Number of fragments discarded because they have only dovetail (discordant) mappings to valid targets : 2,886,130
[2020-08-09 12:50:03.186] [jointLog] [info] Mapping rate = 92.239%

[2020-08-09 12:50:03.186] [jointLog] [info] finished quantifyLibrary()
[2020-08-09 12:50:03.227] [jointLog] [info] Starting optimizer
[2020-08-09 12:50:03.416] [jointLog] [info] Marked 0 weighted equivalence classes as degenerate
[2020-08-09 12:50:03.437] [jointLog] [info] iteration = 0 | max rel diff. = 5885.21
[2020-08-09 12:50:03.616] [jointLog] [info] iteration 11, adjusting effective lengths to account for biases
[2020-08-09 12:50:13.510] [jointLog] [info] Computed expected counts (for bias correction)
[2020-08-09 12:50:13.510] [jointLog] [info] processed bias for 0.0% of the transcripts
[2020-08-09 12:50:14.545] [jointLog] [info] processed bias for 10.0% of the transcripts
[2020-08-09 12:50:15.630] [jointLog] [info] processed bias for 20.0% of the transcripts
[2020-08-09 12:50:16.677] [jointLog] [info] processed bias for 30.0% of the transcripts
[2020-08-09 12:50:17.780] [jointLog] [info] processed bias for 40.0% of the transcripts
[2020-08-09 12:50:18.790] [jointLog] [info] processed bias for 50.0% of the transcripts
[2020-08-09 12:50:19.623] [jointLog] [info] processed bias for 60.0% of the transcripts
[2020-08-09 12:50:20.429] [jointLog] [info] processed bias for 70.0% of the transcripts
[2020-08-09 12:50:21.166] [jointLog] [info] processed bias for 80.0% of the transcripts
[2020-08-09 12:50:22.223] [jointLog] [info] processed bias for 90.0% of the transcripts
[2020-08-09 12:50:23.341] [jointLog] [info] processed bias for 100.0% of the transcripts
[2020-08-09 12:50:23.346] [jointLog] [info] processed bias for 100.0% of the transcripts
[2020-08-09 12:50:24.715] [jointLog] [info] iteration = 100 | max rel diff. = 17.7202
[2020-08-09 12:50:26.232] [jointLog] [info] iteration = 200 | max rel diff. = 6.89426
[2020-08-09 12:50:27.737] [jointLog] [info] iteration = 300 | max rel diff. = 11.7233
[2020-08-09 12:50:29.220] [jointLog] [info] iteration = 400 | max rel diff. = 1.9913
[2020-08-09 12:50:30.720] [jointLog] [info] iteration = 500 | max rel diff. = 0.309482
[2020-08-09 12:50:32.239] [jointLog] [info] iteration = 600 | max rel diff. = 1.09568
[2020-08-09 12:50:33.730] [jointLog] [info] iteration = 700 | max rel diff. = 1.478
[2020-08-09 12:50:35.222] [jointLog] [info] iteration = 800 | max rel diff. = 0.70132
[2020-08-09 12:50:36.684] [jointLog] [info] iteration = 900 | max rel diff. = 0.358908
[2020-08-09 12:50:38.137] [jointLog] [info] iteration = 1,000 | max rel diff. = 0.24267
[2020-08-09 12:50:39.582] [jointLog] [info] iteration = 1,100 | max rel diff. = 0.290741
[2020-08-09 12:50:41.026] [jointLog] [info] iteration = 1,200 | max rel diff. = 0.958628
[2020-08-09 12:50:42.470] [jointLog] [info] iteration = 1,300 | max rel diff. = 0.0865476
[2020-08-09 12:50:43.929] [jointLog] [info] iteration = 1,400 | max rel diff. = 0.0488609
[2020-08-09 12:50:45.381] [jointLog] [info] iteration = 1,500 | max rel diff. = 0.0244984
[2020-08-09 12:50:46.831] [jointLog] [info] iteration = 1,600 | max rel diff. = 0.115822
[2020-08-09 12:50:48.273] [jointLog] [info] iteration = 1,700 | max rel diff. = 3.21896
[2020-08-09 12:50:49.713] [jointLog] [info] iteration = 1,800 | max rel diff. = 0.0243856
[2020-08-09 12:50:50.933] [jointLog] [info] iteration = 1,885 | max rel diff. = 0.00715628
[2020-08-09 12:50:50.965] [jointLog] [info] Finished optimizer
[2020-08-09 12:50:50.965] [jointLog] [info] writing output 

